2014/02/26 17:58:07 にビルドを開始しました。
     1>ノード 2 上のプロジェクト "C:\Users\hagiwara\Desktop\SIGVerse\SIGService\Referee\Robocup2014\EGPSRReferee_src_vs2010\EGPSRReferee\EGPSRReferee.vcxproj" (build ターゲット)。
     1>InitializeBuildStatus:
         "AlwaysCreate" が指定されたため "Debug\EGPSRReferee.unsuccessfulbuild" を作成しています。
       GenerateTargetFrameworkMonikerAttribute:
       すべての出力ファイルが入力ファイルに対して最新なので、ターゲット "GenerateTargetFrameworkMonikerAttribute" を省略します。
     1>C:\Program Files (x86)\MSBuild\Microsoft.Cpp\v4.0\Microsoft.MetaGen.targets(91,5): warning : 必要なファイル "C:\USERS\HAGIWARA\DESKTOP\SIGVERSE\SIGSERVICE\REFEREE\EGPSRREFEREE_SRC_2014\DEBUG\SIGSERVICE.DLL" が見つかりません。
         タスクが ContinueOnError=true を伴って呼び出されたため、前のエラーは警告に変換されました。
       ClCompile:
         すべての出力が最新のものです。
         すべての出力が最新のものです。
         すべての出力が最新のものです。
       CoreResGen:
         "C:\Program Files (x86)\Microsoft SDKs\Windows\v7.0A\bin\NETFX 4.0 Tools\resgen.exe" /useSourcePath /r:C:\Users\hagiwara\Desktop\SIGVerse\SIGService\Referee\Robocup2014\EGPSRReferee_src_vs2010\Debug\SIGService.dll /r:"C:\Program Files (x86)\Reference Assemblies\Microsoft\Framework\.NETFramework\v4.0\System.Core.dll" /r:"C:\Program Files (x86)\Reference Assemblies\Microsoft\Framework\.NETFramework\v4.0\System.Data.dll" /r:"C:\Program Files (x86)\Reference Assemblies\Microsoft\Framework\.NETFramework\v4.0\System.dll" /r:"C:\Program Files (x86)\Reference Assemblies\Microsoft\Framework\.NETFramework\v4.0\System.Drawing.dll" /r:"C:\Program Files (x86)\Reference Assemblies\Microsoft\Framework\.NETFramework\v4.0\System.Windows.Forms.dll" /r:"C:\Program Files (x86)\Reference Assemblies\Microsoft\Framework\.NETFramework\v4.0\System.Xml.dll" /compile Form1.resX,Debug\EGPSRReferee.Form1.resources
         リソース ファイル "Form1.resX" を "Debug\EGPSRReferee.Form1.resources" に処理しています。
       ResourceCompile:
         すべての出力が最新のものです。
       Link:
         c:\Program Files (x86)\Microsoft Visual Studio 10.0\VC\bin\link.exe /ERRORREPORT:PROMPT /OUT:"C:\Users\hagiwara\Desktop\SIGVerse\SIGService\Referee\Robocup2014\EGPSRReferee_src_vs2010\Debug\EGPSRReferee.sig" /INCREMENTAL /NOLOGO /ASSEMBLYRESOURCE:Debug\EGPSRReferee.Form1.resources /MANIFEST /ManifestFile:"Debug\EGPSRReferee.sig.intermediate.manifest" /MANIFESTUAC:"level='asInvoker' uiAccess='false'" /DEBUG /PDB:"C:\Users\hagiwara\Desktop\SIGVerse\SIGService\Referee\Robocup2014\EGPSRReferee_src_vs2010\Debug\EGPSRReferee.pdb" /ASSEMBLYDEBUG /SUBSYSTEM:WINDOWS /TLBID:1 /ENTRY:"main" /DYNAMICBASE /FIXED:NO /NXCOMPAT /MACHINE:X86 Debug\app.res
         Debug\AssemblyInfo.obj
         Debug\EGPSRReferee.obj
         Debug\stdafx.obj
         "Debug\.NETFramework,Version=v4.0.AssemblyAttributes.obj"
         EGPSRReferee.vcxproj -> C:\Users\hagiwara\Desktop\SIGVerse\SIGService\Referee\Robocup2014\EGPSRReferee_src_vs2010\Debug\EGPSRReferee.sig
       Manifest:
         C:\Program Files (x86)\Microsoft SDKs\Windows\v7.0A\bin\mt.exe /nologo /verbose /outputresource:"C:\Users\hagiwara\Desktop\SIGVerse\SIGService\Referee\Robocup2014\EGPSRReferee_src_vs2010\Debug\EGPSRReferee.sig;#1" /manifest Debug\EGPSRReferee.sig.intermediate.manifest
       FinalizeBuildStatus:
         ファイル "Debug\EGPSRReferee.unsuccessfulbuild" を削除しています。
         "Debug\EGPSRReferee.lastbuildstate" のタッチ タスクを実行しています。
     1>プロジェクト "C:\Users\hagiwara\Desktop\SIGVerse\SIGService\Referee\Robocup2014\EGPSRReferee_src_vs2010\EGPSRReferee\EGPSRReferee.vcxproj" (build ターゲット) のビルドが完了しました。

ビルドに成功しました。

経過時間 00:00:00.33
