C:\USERS\HAGIWARA\DESKTOP\SIGVERSE\SIGSERVICE\REFEREE\EGPSRREFEREE_SRC_2014\DEBUG\EGPSRREFEREE.EXE
C:\USERS\HAGIWARA\DESKTOP\SIGVERSE\SIGSERVICE\REFEREE\EGPSRREFEREE_SRC_2014\DEBUG\EGPSRREFEREE.ILK
C:\USERS\HAGIWARA\DESKTOP\SIGVERSE\SIGSERVICE\REFEREE\EGPSRREFEREE_SRC_2014\DEBUG\EGPSRREFEREE.PDB
C:\USERS\HAGIWARA\DESKTOP\SIGVERSE\SIGSERVICE\REFEREE\EGPSRREFEREE_SRC_2014\EGPSRREFEREE\DEBUG\.NETFRAMEWORK,VERSION=V4.0.ASSEMBLYATTRIBUTES.OBJ
C:\USERS\HAGIWARA\DESKTOP\SIGVERSE\SIGSERVICE\REFEREE\EGPSRREFEREE_SRC_2014\EGPSRREFEREE\DEBUG\APP.RES
C:\USERS\HAGIWARA\DESKTOP\SIGVERSE\SIGSERVICE\REFEREE\EGPSRREFEREE_SRC_2014\EGPSRREFEREE\DEBUG\ASSEMBLYINFO.OBJ
C:\Users\hagiwara\Desktop\SIGVerse\SIGService\Referee\EGPSRReferee_src_2014\EGPSRReferee\Debug\cl.command.1.tlog
C:\Users\hagiwara\Desktop\SIGVerse\SIGService\Referee\EGPSRReferee_src_2014\EGPSRReferee\Debug\CL.read.1.tlog
C:\Users\hagiwara\Desktop\SIGVerse\SIGService\Referee\EGPSRReferee_src_2014\EGPSRReferee\Debug\CL.write.1.tlog
C:\USERS\HAGIWARA\DESKTOP\SIGVERSE\SIGSERVICE\REFEREE\EGPSRREFEREE_SRC_2014\EGPSRREFEREE\DEBUG\EGPSRREFEREE.EXE.INTERMEDIATE.MANIFEST
C:\Users\hagiwara\Desktop\SIGVerse\SIGService\Referee\EGPSRReferee_src_2014\EGPSRReferee\Debug\EGPSRReferee.Form1.resources
C:\USERS\HAGIWARA\DESKTOP\SIGVERSE\SIGSERVICE\REFEREE\EGPSRREFEREE_SRC_2014\EGPSRREFEREE\DEBUG\EGPSRREFEREE.OBJ
C:\USERS\HAGIWARA\DESKTOP\SIGVERSE\SIGSERVICE\REFEREE\EGPSRREFEREE_SRC_2014\EGPSRREFEREE\DEBUG\EGPSRREFEREE.PCH
C:\Users\hagiwara\Desktop\SIGVerse\SIGService\Referee\EGPSRReferee_src_2014\EGPSRReferee\Debug\EGPSRReferee.vcxproj.GenerateResource.Cache
C:\Users\hagiwara\Desktop\SIGVerse\SIGService\Referee\EGPSRReferee_src_2014\EGPSRReferee\Debug\EGPSRReferee.vcxprojResolveAssemblyReference.cache
C:\Users\hagiwara\Desktop\SIGVerse\SIGService\Referee\EGPSRReferee_src_2014\EGPSRReferee\Debug\EGPSRReferee.write.1.tlog
C:\Users\hagiwara\Desktop\SIGVerse\SIGService\Referee\EGPSRReferee_src_2014\EGPSRReferee\Debug\GenerateResource.read.54.tlog
C:\Users\hagiwara\Desktop\SIGVerse\SIGService\Referee\EGPSRReferee_src_2014\EGPSRReferee\Debug\GenerateResource.write.54.tlog
C:\Users\hagiwara\Desktop\SIGVerse\SIGService\Referee\EGPSRReferee_src_2014\EGPSRReferee\Debug\link.4908.read.1.tlog
C:\Users\hagiwara\Desktop\SIGVerse\SIGService\Referee\EGPSRReferee_src_2014\EGPSRReferee\Debug\link.4908.write.1.tlog
C:\Users\hagiwara\Desktop\SIGVerse\SIGService\Referee\EGPSRReferee_src_2014\EGPSRReferee\Debug\link.4908-cvtres.read.1.tlog
C:\Users\hagiwara\Desktop\SIGVerse\SIGService\Referee\EGPSRReferee_src_2014\EGPSRReferee\Debug\link.4908-cvtres.write.1.tlog
C:\Users\hagiwara\Desktop\SIGVerse\SIGService\Referee\EGPSRReferee_src_2014\EGPSRReferee\Debug\link.5220.read.1.tlog
C:\Users\hagiwara\Desktop\SIGVerse\SIGService\Referee\EGPSRReferee_src_2014\EGPSRReferee\Debug\link.5220.write.1.tlog
C:\Users\hagiwara\Desktop\SIGVerse\SIGService\Referee\EGPSRReferee_src_2014\EGPSRReferee\Debug\link.5220-cvtres.read.1.tlog
C:\Users\hagiwara\Desktop\SIGVerse\SIGService\Referee\EGPSRReferee_src_2014\EGPSRReferee\Debug\link.5220-cvtres.write.1.tlog
C:\Users\hagiwara\Desktop\SIGVerse\SIGService\Referee\EGPSRReferee_src_2014\EGPSRReferee\Debug\link.command.1.tlog
C:\Users\hagiwara\Desktop\SIGVerse\SIGService\Referee\EGPSRReferee_src_2014\EGPSRReferee\Debug\link.read.1.tlog
C:\Users\hagiwara\Desktop\SIGVerse\SIGService\Referee\EGPSRReferee_src_2014\EGPSRReferee\Debug\link.write.1.tlog
C:\Users\hagiwara\Desktop\SIGVerse\SIGService\Referee\EGPSRReferee_src_2014\EGPSRReferee\Debug\metagen.read.1.tlog
C:\USERS\HAGIWARA\DESKTOP\SIGVERSE\SIGSERVICE\REFEREE\EGPSRREFEREE_SRC_2014\EGPSRREFEREE\DEBUG\METAGEN.WRITE.1.TLOG
C:\Users\hagiwara\Desktop\SIGVerse\SIGService\Referee\EGPSRReferee_src_2014\EGPSRReferee\Debug\mt.command.1.tlog
C:\Users\hagiwara\Desktop\SIGVerse\SIGService\Referee\EGPSRReferee_src_2014\EGPSRReferee\Debug\mt.read.1.tlog
C:\Users\hagiwara\Desktop\SIGVerse\SIGService\Referee\EGPSRReferee_src_2014\EGPSRReferee\Debug\mt.write.1.tlog
C:\Users\hagiwara\Desktop\SIGVerse\SIGService\Referee\EGPSRReferee_src_2014\EGPSRReferee\Debug\rc.command.1.tlog
C:\Users\hagiwara\Desktop\SIGVerse\SIGService\Referee\EGPSRReferee_src_2014\EGPSRReferee\Debug\rc.read.1.tlog
C:\Users\hagiwara\Desktop\SIGVerse\SIGService\Referee\EGPSRReferee_src_2014\EGPSRReferee\Debug\rc.write.1.tlog
C:\Users\hagiwara\Desktop\SIGVerse\SIGService\Referee\EGPSRReferee_src_2014\EGPSRReferee\Debug\RSAENH.DLL.bi
C:\Users\hagiwara\Desktop\SIGVerse\SIGService\Referee\EGPSRReferee_src_2014\EGPSRReferee\Debug\SIGSERVICE.DLL.metagen
C:\USERS\HAGIWARA\DESKTOP\SIGVERSE\SIGSERVICE\REFEREE\EGPSRREFEREE_SRC_2014\EGPSRREFEREE\DEBUG\STDAFX.OBJ
C:\Users\hagiwara\Desktop\SIGVerse\SIGService\Referee\EGPSRReferee_src_2014\EGPSRReferee\Debug\TZRES.DLL.bi
C:\USERS\HAGIWARA\DESKTOP\SIGVERSE\SIGSERVICE\REFEREE\EGPSRREFEREE_SRC_2014\EGPSRREFEREE\DEBUG\VC100.PDB
C:\USERS\OKAMTO\DOCUMENTS\VISUAL STUDIO 2010\PROJECTS\ROBOCUPREFEREE\DEBUG\ROBOCUPREFEREE.EXE
C:\USERS\OKAMTO\DOCUMENTS\VISUAL STUDIO 2010\PROJECTS\ROBOCUPREFEREE\DEBUG\ROBOCUPREFEREE.ILK
C:\USERS\OKAMTO\DOCUMENTS\VISUAL STUDIO 2010\PROJECTS\ROBOCUPREFEREE\DEBUG\ROBOCUPREFEREE.PDB
C:\USERS\OKAMTO\DOCUMENTS\VISUAL STUDIO 2010\PROJECTS\ROBOCUPREFEREE\ROBOCUPREFEREE\DEBUG\.NETFRAMEWORK,VERSION=V4.0.ASSEMBLYATTRIBUTES.OBJ
C:\USERS\OKAMTO\DOCUMENTS\VISUAL STUDIO 2010\PROJECTS\ROBOCUPREFEREE\ROBOCUPREFEREE\DEBUG\APP.RES
C:\USERS\OKAMTO\DOCUMENTS\VISUAL STUDIO 2010\PROJECTS\ROBOCUPREFEREE\ROBOCUPREFEREE\DEBUG\ASSEMBLYINFO.OBJ
C:\USERS\OKAMTO\DOCUMENTS\VISUAL STUDIO 2010\PROJECTS\ROBOCUPREFEREE\ROBOCUPREFEREE\DEBUG\ROBOCUPREFEREE.EXE.INTERMEDIATE.MANIFEST
C:\USERS\OKAMTO\DOCUMENTS\VISUAL STUDIO 2010\PROJECTS\ROBOCUPREFEREE\ROBOCUPREFEREE\DEBUG\ROBOCUPREFEREE.FORM1.RESOURCES
C:\USERS\OKAMTO\DOCUMENTS\VISUAL STUDIO 2010\PROJECTS\ROBOCUPREFEREE\ROBOCUPREFEREE\DEBUG\ROBOCUPREFEREE.OBJ
C:\USERS\OKAMTO\DOCUMENTS\VISUAL STUDIO 2010\PROJECTS\ROBOCUPREFEREE\ROBOCUPREFEREE\DEBUG\ROBOCUPREFEREE.PCH
C:\USERS\OKAMTO\DOCUMENTS\VISUAL STUDIO 2010\PROJECTS\ROBOCUPREFEREE\ROBOCUPREFEREE\DEBUG\STDAFX.OBJ
C:\USERS\OKAMTO\DOCUMENTS\VISUAL STUDIO 2010\PROJECTS\ROBOCUPREFEREE\ROBOCUPREFEREE\DEBUG\VC100.PDB
