C:\USERS\HAGIWARA\DESKTOP\SIGVERSE\SIGSERVICE\REFEREE\EGPSRREFEREE_SRC_2014\EGPSRREFEREE\RELEASE\.NETFRAMEWORK,VERSION=V4.0.ASSEMBLYATTRIBUTES.OBJ
C:\USERS\HAGIWARA\DESKTOP\SIGVERSE\SIGSERVICE\REFEREE\EGPSRREFEREE_SRC_2014\EGPSRREFEREE\RELEASE\APP.RES
C:\USERS\HAGIWARA\DESKTOP\SIGVERSE\SIGSERVICE\REFEREE\EGPSRREFEREE_SRC_2014\EGPSRREFEREE\RELEASE\ASSEMBLYINFO.OBJ
C:\Users\hagiwara\Desktop\SIGVerse\SIGService\Referee\EGPSRReferee_src_2014\EGPSRReferee\Release\cl.command.1.tlog
C:\Users\hagiwara\Desktop\SIGVerse\SIGService\Referee\EGPSRReferee_src_2014\EGPSRReferee\Release\CL.read.1.tlog
C:\Users\hagiwara\Desktop\SIGVerse\SIGService\Referee\EGPSRReferee_src_2014\EGPSRReferee\Release\CL.write.1.tlog
C:\USERS\HAGIWARA\DESKTOP\SIGVERSE\SIGSERVICE\REFEREE\EGPSRREFEREE_SRC_2014\EGPSRREFEREE\RELEASE\EGPSRREFEREE.EXE.INTERMEDIATE.MANIFEST
C:\Users\hagiwara\Desktop\SIGVerse\SIGService\Referee\EGPSRReferee_src_2014\EGPSRReferee\Release\EGPSRReferee.Form1.resources
C:\USERS\HAGIWARA\DESKTOP\SIGVERSE\SIGSERVICE\REFEREE\EGPSRREFEREE_SRC_2014\EGPSRREFEREE\RELEASE\EGPSRREFEREE.OBJ
C:\USERS\HAGIWARA\DESKTOP\SIGVERSE\SIGSERVICE\REFEREE\EGPSRREFEREE_SRC_2014\EGPSRREFEREE\RELEASE\EGPSRREFEREE.PCH
C:\Users\hagiwara\Desktop\SIGVerse\SIGService\Referee\EGPSRReferee_src_2014\EGPSRReferee\Release\EGPSRReferee.vcxproj.GenerateResource.Cache
C:\Users\hagiwara\Desktop\SIGVerse\SIGService\Referee\EGPSRReferee_src_2014\EGPSRReferee\Release\EGPSRReferee.vcxprojResolveAssemblyReference.cache
C:\Users\hagiwara\Desktop\SIGVerse\SIGService\Referee\EGPSRReferee_src_2014\EGPSRReferee\Release\EGPSRReferee.write.1.tlog
C:\Users\hagiwara\Desktop\SIGVerse\SIGService\Referee\EGPSRReferee_src_2014\EGPSRReferee\Release\link.command.1.tlog
C:\Users\hagiwara\Desktop\SIGVerse\SIGService\Referee\EGPSRReferee_src_2014\EGPSRReferee\Release\link.read.1.tlog
C:\Users\hagiwara\Desktop\SIGVerse\SIGService\Referee\EGPSRReferee_src_2014\EGPSRReferee\Release\link.write.1.tlog
C:\Users\hagiwara\Desktop\SIGVerse\SIGService\Referee\EGPSRReferee_src_2014\EGPSRReferee\Release\link-cvtres.read.1.tlog
C:\Users\hagiwara\Desktop\SIGVerse\SIGService\Referee\EGPSRReferee_src_2014\EGPSRReferee\Release\link-cvtres.write.1.tlog
C:\Users\hagiwara\Desktop\SIGVerse\SIGService\Referee\EGPSRReferee_src_2014\EGPSRReferee\Release\metagen.read.1.tlog
C:\USERS\HAGIWARA\DESKTOP\SIGVERSE\SIGSERVICE\REFEREE\EGPSRREFEREE_SRC_2014\EGPSRREFEREE\RELEASE\METAGEN.WRITE.1.TLOG
C:\Users\hagiwara\Desktop\SIGVerse\SIGService\Referee\EGPSRReferee_src_2014\EGPSRReferee\Release\mt.command.1.tlog
C:\Users\hagiwara\Desktop\SIGVerse\SIGService\Referee\EGPSRReferee_src_2014\EGPSRReferee\Release\mt.read.1.tlog
C:\Users\hagiwara\Desktop\SIGVerse\SIGService\Referee\EGPSRReferee_src_2014\EGPSRReferee\Release\mt.write.1.tlog
C:\Users\hagiwara\Desktop\SIGVerse\SIGService\Referee\EGPSRReferee_src_2014\EGPSRReferee\Release\rc.command.1.tlog
C:\Users\hagiwara\Desktop\SIGVerse\SIGService\Referee\EGPSRReferee_src_2014\EGPSRReferee\Release\rc.read.1.tlog
C:\Users\hagiwara\Desktop\SIGVerse\SIGService\Referee\EGPSRReferee_src_2014\EGPSRReferee\Release\rc.write.1.tlog
C:\Users\hagiwara\Desktop\SIGVerse\SIGService\Referee\EGPSRReferee_src_2014\EGPSRReferee\Release\RSAENH.DLL.bi
C:\Users\hagiwara\Desktop\SIGVerse\SIGService\Referee\EGPSRReferee_src_2014\EGPSRReferee\Release\SIGSERVICE.DLL.metagen
C:\USERS\HAGIWARA\DESKTOP\SIGVERSE\SIGSERVICE\REFEREE\EGPSRREFEREE_SRC_2014\EGPSRREFEREE\RELEASE\STDAFX.OBJ
C:\Users\hagiwara\Desktop\SIGVerse\SIGService\Referee\EGPSRReferee_src_2014\EGPSRReferee\Release\TZRES.DLL.bi
C:\USERS\HAGIWARA\DESKTOP\SIGVERSE\SIGSERVICE\REFEREE\EGPSRREFEREE_SRC_2014\EGPSRREFEREE\RELEASE\VC100.PDB
C:\USERS\HAGIWARA\DESKTOP\SIGVERSE\SIGSERVICE\REFEREE\EGPSRREFEREE_SRC_2014\RELEASE\EGPSRREFEREE.EXE
C:\USERS\HAGIWARA\DESKTOP\SIGVERSE\SIGSERVICE\REFEREE\EGPSRREFEREE_SRC_2014\RELEASE\EGPSRREFEREE.PDB
